<?xml version="1.0" encoding="UTF-8"?>
<!-- Generated by org.testng.reporters.JUnitReportReporter -->
<testsuite hostname="DESKTOP-DALP4OS" failures="0" tests="1" name="regressiontest.Epediatest" time="0.009" errors="0" timestamp="2021-12-25T17:59:23 EST" skipped="0">
  <testcase classname="regressiontest.Epediatest" name="f" time="0.009"/>
  <system-out/>
</testsuite> <!-- regressiontest.Epediatest -->
