<?xml version="1.0" encoding="UTF-8"?>
<!-- Generated by org.testng.reporters.JUnitReportReporter -->
<testsuite hostname="DESKTOP-DALP4OS" failures="0" tests="1" name="com.pages.NewTest" time="0.008" errors="0" timestamp="2021-12-27T14:06:01 EST" skipped="0">
  <testcase classname="com.pages.NewTest" name="f" time="0.008"/>
  <system-out/>
</testsuite> <!-- com.pages.NewTest -->
